<?xml version="1.0" encoding="UTF-8"?><testsuite errors="0" failures="0" name="Testing different request on the video games application" skipped="0" tests="5" time="19.52" timestamp="2021-08-03T22:25:20.476+01:00[Europe/London]"><testcase name="Create a new video game product and verify if the video game is added"/><testcase name="Getting the videogame information by Id"/><testcase name="update a created product and verify if the product is updated"/><testcase name="Delete a created videogames &amp; verify the product is deleted"/><testcase name="check if the video games application can be accessed by user"/></testsuite>